Arguments: 
  /Users/toni/.nvm/versions/node/v16.17.0/bin/node /Users/toni/.nvm/versions/node/v16.17.0/bin/yarn install

PATH: 
  /Users/toni/.zplug/bin:/opt/homebrew/opt/zplug/bin:/opt/homebrew/Cellar/zplug/2.4.2/bin:/Users/toni/.platformsh/bin:/Users/toni/.nvm/versions/node/v16.17.0/bin:/Users/toni/.poetry/bin:/Library/Frameworks/Python.framework/Versions/3.8/bin:/opt/homebrew/bin:/opt/homebrew/sbin:/Library/Frameworks/Python.framework/Versions/3.10/bin:/usr/local/bin:/System/Cryptexes/App/usr/bin:/usr/bin:/bin:/usr/sbin:/sbin:/Users/toni/bin:/usr/local/munki:/Library/Apple/usr/bin:/Users/toni/.cargo/bin

Yarn version: 
  1.22.19

Node version: 
  16.17.0

Platform: 
  darwin arm64

Trace: 
  SyntaxError: /Users/toni/Documents/work/seaplane/seaplane-sdk/python/src/seaplane/smartpipes/website/smartpipes/package.json: Unexpected string in JSON at position 189
      at JSON.parse (<anonymous>)
      at /Users/toni/.nvm/versions/node/v16.17.0/lib/node_modules/yarn/lib/cli.js:1629:59
      at Generator.next (<anonymous>)
      at step (/Users/toni/.nvm/versions/node/v16.17.0/lib/node_modules/yarn/lib/cli.js:310:30)
      at /Users/toni/.nvm/versions/node/v16.17.0/lib/node_modules/yarn/lib/cli.js:321:13

npm manifest: 
  {
    "name": "smartpipes",
    "version": "0.1.0",
    "private": true,
    "scripts": {
      "dev": "next dev",
      "build": "next build",
      "start": "next start",
      "lint": "next lint"
    }
    "dependencies": {
      "autoprefixer": "10.4.14",
      "eslint": "8.39.0",
      "eslint-config-next": "13.3.1",
      "next": "13.3.1",
      "postcss": "8.4.23",
      "react": "18.2.0",
      "react-dom": "18.2.0",
      "tailwindcss": "3.3.2"
    }
  }

yarn manifest: 
  No manifest

Lockfile: 
  No lockfile
